<?xml version="1.0" encoding="UTF-8"?>
<!-- Generated by org.testng.reporters.JUnitReportReporter -->
<testsuite hostname="Villain" failures="0" tests="5" name="Practice.amazonwithmultipledata" time="213.517" errors="0" timestamp="2024-12-09T10:03:30 IST" skipped="0">
  <testcase classname="Practice.amazonwithmultipledata" name="testcase" time="47.096"/>
  <system-out/>
  <testcase classname="Practice.amazonwithmultipledata" name="testcase" time="42.897"/>
  <system-out/>
  <testcase classname="Practice.amazonwithmultipledata" name="testcase" time="42.816"/>
  <system-out/>
  <testcase classname="Practice.amazonwithmultipledata" name="testcase" time="40.531"/>
  <system-out/>
  <testcase classname="Practice.amazonwithmultipledata" name="testcase" time="40.177"/>
  <system-out/>
</testsuite> <!-- Practice.amazonwithmultipledata -->
