<?xml version="1.0" encoding="UTF-8"?>
<!-- Generated by org.testng.reporters.JUnitReportReporter -->
<testsuite hostname="Villain" failures="0" tests="1" name="Bikes.ToLaunchHarleyDavidson" time="28.102" errors="0" timestamp="2024-06-24T11:22:02 IST" skipped="0">
  <testcase classname="Bikes.ToLaunchHarleyDavidson" name="TolaunchHarleyDavidson" time="28.102"/>
  <system-out>
    <![CDATA[harley got launched]]>
  </system-out>
</testsuite> <!-- Bikes.ToLaunchHarleyDavidson -->
