<?xml version="1.0" encoding="UTF-8"?>
<!-- Generated by org.testng.reporters.JUnitReportReporter -->
<testsuite hostname="Villain" failures="0" tests="1" name="Bikes.ToLaunchYamha" time="3.573" errors="0" timestamp="2024-03-27T18:07:09 IST" skipped="0">
  <testcase classname="Bikes.ToLaunchYamha" name="yamaha" time="3.573"/>
  <system-out>
    <![CDATA[yamaha got launched]]>
  </system-out>
</testsuite> <!-- Bikes.ToLaunchYamha -->
