<?xml version="1.0" encoding="UTF-8"?>
<!-- Generated by org.testng.reporters.JUnitReportReporter -->
<testsuite hostname="Villain" failures="0" tests="9" name="advancesellenium.ToLearnTestNG" time="38.487" errors="0" timestamp="2024-03-28T10:07:28 IST" skipped="1">
  <testcase classname="advancesellenium.ToLearnTestNG" name="baskinrobbin" time="5.617"/>
  <system-out>
    <![CDATA[baskinrobbin got executed]]>
  </system-out>
  <testcase classname="advancesellenium.ToLearnTestNG" name="baskinrobbin" time="4.092"/>
  <system-out>
    <![CDATA[baskinrobbin got executed]]>
  </system-out>
  <testcase classname="advancesellenium.ToLearnTestNG" name="baskinrobbin" time="3.522"/>
  <system-out>
    <![CDATA[baskinrobbin got executed]]>
  </system-out>
  <testcase classname="advancesellenium.ToLearnTestNG" name="baskinrobbin" time="5.863"/>
  <system-out>
    <![CDATA[baskinrobbin got executed]]>
  </system-out>
  <testcase classname="advancesellenium.ToLearnTestNG" name="baskinrobbin" time="5.990"/>
  <system-out>
    <![CDATA[baskinrobbin got executed]]>
  </system-out>
  <testcase classname="advancesellenium.ToLearnTestNG" name="criccbuzz" time="4.104"/>
  <system-out>
    <![CDATA[cricbuzz got executed]]>
  </system-out>
  <testcase classname="advancesellenium.ToLearnTestNG" name="criccbuzz" time="3.700"/>
  <system-out>
    <![CDATA[cricbuzz got executed]]>
  </system-out>
  <testcase classname="advancesellenium.ToLearnTestNG" name="criccbuzz" time="5.599"/>
  <system-out>
    <![CDATA[cricbuzz got executed]]>
  </system-out>
  <testcase classname="advancesellenium.ToLearnTestNG" name="amazon">
    <skipped/>
  </testcase> <!-- amazon -->
  <system-out/>
</testsuite> <!-- advancesellenium.ToLearnTestNG -->
