<?xml version="1.0" encoding="UTF-8"?>
<!-- Generated by org.testng.reporters.JUnitReportReporter -->
<testsuite hostname="Villain" failures="0" tests="3" name="advancesellenium.ToLearnDependsOnMethods" time="0.009" errors="0" timestamp="2024-03-27T17:28:18 IST" skipped="0">
  <testcase classname="advancesellenium.ToLearnDependsOnMethods" name="CreatedAccount" time="0.007"/>
  <system-out>
    <![CDATA[Account created succsesfully]]>
  </system-out>
  <testcase classname="advancesellenium.ToLearnDependsOnMethods" name="deletedAccount" time="0.001"/>
  <system-out>
    <![CDATA[Account deleted succsesfully]]>
  </system-out>
  <testcase classname="advancesellenium.ToLearnDependsOnMethods" name="editdAccount" time="0.001"/>
  <system-out>
    <![CDATA[Account edited succsesfully]]>
  </system-out>
</testsuite> <!-- advancesellenium.ToLearnDependsOnMethods -->
